<?xml version="1.0" encoding="UTF-8"?>
<!-- Generated by org.testng.reporters.JUnitXMLReporter -->
<testsuite ignored="0" hostname="Bloomlync-Qa" failures="0" tests="5" name="Default test" time="171.404" errors="0" timestamp="2024-08-08T18:38:17 IST">
  <testcase classname="tests.VideoPlatformDolbyBookingTest" name="testEncoder" time="11.726"/>
  <testcase classname="tests.VideoPlatformDolbyBookingTest" name="testDecoder" time="26.865"/>
  <testcase classname="tests.VideoPlatformDolbyBookingTest" name="testSource" time="35.252"/>
  <testcase classname="tests.VideoPlatformDolbyBookingTest" name="testChannel" time="36.428"/>
  <testcase classname="tests.VideoPlatformDolbyBookingTest" name="testBooking" time="38.199"/>
</testsuite> <!-- Default test -->
