<?xml version="1.0" encoding="UTF-8"?>
<testng-results ignored="0" total="3" passed="3" failed="0" skipped="0">
  <reporter-output>
  </reporter-output>
  <suite started-at="2024-04-15T16:45:25 IST" name="Test Project1" finished-at="2024-04-15T16:45:25 IST" duration-ms="83">
    <groups>
    </groups>
    <test started-at="2024-04-15T16:45:25 IST" name="First Test" finished-at="2024-04-15T16:45:25 IST" duration-ms="44">
      <class name="Test.TestNGProject1">
        <test-method signature="demo()[pri:0, instance:Test.TestNGProject1@323b36e0]" started-at="2024-04-15T16:45:25 IST" name="demo" finished-at="2024-04-15T16:45:25 IST" duration-ms="6" status="PASS">
          <reporter-output>
          </reporter-output>
        </test-method> <!-- demo -->
        <test-method signature="demo1()[pri:0, instance:Test.TestNGProject1@323b36e0]" started-at="2024-04-15T16:45:25 IST" name="demo1" finished-at="2024-04-15T16:45:25 IST" duration-ms="1" status="PASS">
          <reporter-output>
          </reporter-output>
        </test-method> <!-- demo1 -->
      </class> <!-- Test.TestNGProject1 -->
    </test> <!-- First Test -->
    <test started-at="2024-04-15T16:45:25 IST" name="second Test" finished-at="2024-04-15T16:45:25 IST" duration-ms="3">
      <class name="Test.TestNGProject2">
        <test-method signature="demo()[pri:0, instance:Test.TestNGProject2@31304f14]" started-at="2024-04-15T16:45:25 IST" name="demo" finished-at="2024-04-15T16:45:25 IST" duration-ms="1" status="PASS">
          <reporter-output>
          </reporter-output>
        </test-method> <!-- demo -->
      </class> <!-- Test.TestNGProject2 -->
    </test> <!-- second Test -->
  </suite> <!-- Test Project1 -->
</testng-results>
