<?xml version="1.0" encoding="UTF-8"?>
<!-- Generated by org.testng.reporters.JUnitXMLReporter -->
<testsuite ignored="0" hostname="Bloomlync-Qa" failures="0" tests="5" name="NoneTest" time="196.159" errors="0" timestamp="2024-08-05T22:23:37 IST">
  <testcase classname="tests.VideoPlatformNoneBookingTest" name="testEncoder" time="13.172"/>
  <testcase classname="tests.VideoPlatformNoneBookingTest" name="testDecoder" time="18.101"/>
  <testcase classname="tests.VideoPlatformNoneBookingTest" name="testSource" time="32.093"/>
  <testcase classname="tests.VideoPlatformNoneBookingTest" name="testChannel" time="37.7"/>
  <testcase classname="tests.VideoPlatformNoneBookingTest" name="testBooking" time="40.88"/>
</testsuite> <!-- NoneTest -->
