<?xml version="1.0" encoding="UTF-8"?>
<!-- Generated by org.testng.reporters.JUnitXMLReporter -->
<testsuite ignored="0" hostname="Bloomlync-Qa" failures="0" tests="5" name="Test12" time="177.056" errors="0" timestamp="2024-08-05T13:10:03 IST">
  <testcase classname="tests.VideoPlatformDolbyBookingTest" name="testEncoder" time="17.229"/>
  <testcase classname="tests.VideoPlatformDolbyBookingTest" name="testDecoder" time="28.275"/>
  <testcase classname="tests.VideoPlatformDolbyBookingTest" name="testSource" time="32.2"/>
  <testcase classname="tests.VideoPlatformDolbyBookingTest" name="testChannel" time="39.507"/>
  <testcase classname="tests.VideoPlatformDolbyBookingTest" name="testBooking" time="38.535"/>
</testsuite> <!-- Test12 -->
