<?xml version="1.0" encoding="UTF-8"?>
<!-- Generated by org.testng.reporters.JUnitXMLReporter -->
<testsuite ignored="0" hostname="Bloomlync-Qa" failures="0" tests="5" name="Test123" time="197.084" errors="0" timestamp="2024-08-05T13:10:23 IST">
  <testcase classname="tests.VideoPlatformNoneBookingTest" name="testEncoder" time="11.565"/>
  <testcase classname="tests.VideoPlatformNoneBookingTest" name="testDecoder" time="16.2"/>
  <testcase classname="tests.VideoPlatformNoneBookingTest" name="testSource" time="32.423"/>
  <testcase classname="tests.VideoPlatformNoneBookingTest" name="testChannel" time="39.011"/>
  <testcase classname="tests.VideoPlatformNoneBookingTest" name="testBooking" time="41.347"/>
</testsuite> <!-- Test123 -->
