<?xml version="1.0" encoding="UTF-8"?>
<!-- Generated by org.testng.reporters.JUnitXMLReporter -->
<testsuite ignored="0" hostname="Bloomlync-Qa" failures="0" tests="5" name="Test" time="185.074" errors="0" timestamp="2024-08-02T17:56:13 IST">
  <testcase classname="tests.VideoPlatformDolbyBookingTest" name="testEncoder" time="15.771"/>
  <testcase classname="tests.VideoPlatformDolbyBookingTest" name="testDecoder" time="31.251"/>
  <testcase classname="tests.VideoPlatformDolbyBookingTest" name="testSource" time="32.006"/>
  <testcase classname="tests.VideoPlatformDolbyBookingTest" name="testChannel" time="38.26"/>
  <testcase classname="tests.VideoPlatformDolbyBookingTest" name="testBooking" time="45.925"/>
</testsuite> <!-- Test -->
