<?xml version="1.0" encoding="UTF-8"?>
<testng-results ignored="0" total="5" passed="5" failed="0" skipped="0">
  <reporter-output>
  </reporter-output>
  <suite started-at="2024-08-02T17:53:08 IST" name="Suite" finished-at="2024-08-02T17:56:13 IST" duration-ms="185074">
    <groups>
    </groups>
    <test started-at="2024-08-02T17:53:08 IST" name="Test" finished-at="2024-08-02T17:56:13 IST" duration-ms="185074">
      <class name="tests.VideoPlatformDolbyBookingTest">
        <test-method is-config="true" signature="setUp()[pri:0, instance:tests.VideoPlatformDolbyBookingTest@6aba2b86]" started-at="2024-08-02T17:53:08 IST" name="setUp" finished-at="2024-08-02T17:53:30 IST" duration-ms="21300" status="PASS">
          <reporter-output>
          </reporter-output>
        </test-method> <!-- setUp -->
        <test-method signature="testEncoder()[pri:1, instance:tests.VideoPlatformDolbyBookingTest@6aba2b86]" started-at="2024-08-02T17:53:30 IST" name="testEncoder" finished-at="2024-08-02T17:53:45 IST" duration-ms="15771" status="PASS">
          <reporter-output>
          </reporter-output>
        </test-method> <!-- testEncoder -->
        <test-method signature="testDecoder()[pri:2, instance:tests.VideoPlatformDolbyBookingTest@6aba2b86]" started-at="2024-08-02T17:53:45 IST" name="testDecoder" finished-at="2024-08-02T17:54:17 IST" duration-ms="31251" status="PASS">
          <reporter-output>
          </reporter-output>
        </test-method> <!-- testDecoder -->
        <test-method signature="testSource()[pri:3, instance:tests.VideoPlatformDolbyBookingTest@6aba2b86]" started-at="2024-08-02T17:54:17 IST" name="testSource" finished-at="2024-08-02T17:54:49 IST" duration-ms="32006" status="PASS">
          <reporter-output>
          </reporter-output>
        </test-method> <!-- testSource -->
        <test-method signature="testChannel()[pri:4, instance:tests.VideoPlatformDolbyBookingTest@6aba2b86]" started-at="2024-08-02T17:54:49 IST" name="testChannel" finished-at="2024-08-02T17:55:27 IST" duration-ms="38260" status="PASS">
          <reporter-output>
          </reporter-output>
        </test-method> <!-- testChannel -->
        <test-method signature="testBooking()[pri:5, instance:tests.VideoPlatformDolbyBookingTest@6aba2b86]" started-at="2024-08-02T17:55:27 IST" name="testBooking" finished-at="2024-08-02T17:56:13 IST" duration-ms="45925" status="PASS">
          <reporter-output>
          </reporter-output>
        </test-method> <!-- testBooking -->
        <test-method is-config="true" signature="tearDown()[pri:0, instance:tests.VideoPlatformDolbyBookingTest@6aba2b86]" started-at="2024-08-02T17:56:13 IST" name="tearDown" finished-at="2024-08-02T17:56:13 IST" duration-ms="270" status="PASS">
          <reporter-output>
          </reporter-output>
        </test-method> <!-- tearDown -->
      </class> <!-- tests.VideoPlatformDolbyBookingTest -->
    </test> <!-- Test -->
  </suite> <!-- Suite -->
</testng-results>
