<?xml version="1.0" encoding="UTF-8"?>
<testng-results ignored="0" total="5" passed="5" failed="0" skipped="0">
  <reporter-output>
  </reporter-output>
  <suite started-at="2024-08-08T18:35:25 IST" name="Default suite" finished-at="2024-08-08T18:38:16 IST" duration-ms="171404">
    <groups>
    </groups>
    <test started-at="2024-08-08T18:35:25 IST" name="Default test" finished-at="2024-08-08T18:38:16 IST" duration-ms="171404">
      <class name="tests.VideoPlatformDolbyBookingTest">
        <test-method is-config="true" signature="setUp()[pri:0, instance:tests.VideoPlatformDolbyBookingTest@5b239d7d]" started-at="2024-08-08T18:35:25 IST" name="setUp" finished-at="2024-08-08T18:35:47 IST" duration-ms="22204" status="PASS">
          <reporter-output>
          </reporter-output>
        </test-method> <!-- setUp -->
        <test-method signature="testEncoder()[pri:1, instance:tests.VideoPlatformDolbyBookingTest@5b239d7d]" started-at="2024-08-08T18:35:47 IST" name="testEncoder" finished-at="2024-08-08T18:35:59 IST" duration-ms="11726" status="PASS">
          <reporter-output>
          </reporter-output>
        </test-method> <!-- testEncoder -->
        <test-method signature="testDecoder()[pri:2, instance:tests.VideoPlatformDolbyBookingTest@5b239d7d]" started-at="2024-08-08T18:35:59 IST" name="testDecoder" finished-at="2024-08-08T18:36:26 IST" duration-ms="26865" status="PASS">
          <reporter-output>
          </reporter-output>
        </test-method> <!-- testDecoder -->
        <test-method signature="testSource()[pri:3, instance:tests.VideoPlatformDolbyBookingTest@5b239d7d]" started-at="2024-08-08T18:36:26 IST" name="testSource" finished-at="2024-08-08T18:37:01 IST" duration-ms="35252" status="PASS">
          <reporter-output>
          </reporter-output>
        </test-method> <!-- testSource -->
        <test-method signature="testChannel()[pri:4, instance:tests.VideoPlatformDolbyBookingTest@5b239d7d]" started-at="2024-08-08T18:37:01 IST" name="testChannel" finished-at="2024-08-08T18:37:37 IST" duration-ms="36428" status="PASS">
          <reporter-output>
          </reporter-output>
        </test-method> <!-- testChannel -->
        <test-method signature="testBooking()[pri:5, instance:tests.VideoPlatformDolbyBookingTest@5b239d7d]" started-at="2024-08-08T18:37:37 IST" name="testBooking" finished-at="2024-08-08T18:38:16 IST" duration-ms="38199" status="PASS">
          <reporter-output>
          </reporter-output>
        </test-method> <!-- testBooking -->
        <test-method is-config="true" signature="tearDown()[pri:0, instance:tests.VideoPlatformDolbyBookingTest@5b239d7d]" started-at="2024-08-08T18:38:16 IST" name="tearDown" finished-at="2024-08-08T18:38:16 IST" duration-ms="377" status="PASS">
          <reporter-output>
          </reporter-output>
        </test-method> <!-- tearDown -->
      </class> <!-- tests.VideoPlatformDolbyBookingTest -->
    </test> <!-- Default test -->
  </suite> <!-- Default suite -->
</testng-results>
