<?xml version="1.0" encoding="UTF-8"?>
<!-- Generated by org.testng.reporters.JUnitXMLReporter -->
<testsuite ignored="0" hostname="Bloomlync-Qa" failures="0" tests="5" name="Default test" time="177.79" errors="0" timestamp="2024-08-02T16:10:08 IST">
  <testcase classname="tests.VideoPlatformDolbyBookingTest" name="testEncoder" time="15.697"/>
  <testcase classname="tests.VideoPlatformDolbyBookingTest" name="testDecoder" time="30.874"/>
  <testcase classname="tests.VideoPlatformDolbyBookingTest" name="testSource" time="32.14"/>
  <testcase classname="tests.VideoPlatformDolbyBookingTest" name="testChannel" time="37.631"/>
  <testcase classname="tests.VideoPlatformDolbyBookingTest" name="testBooking" time="40.793"/>
</testsuite> <!-- Default test -->
